Added Component: Designator=C1(CAP200)
Add component. Clean all parameters for all variants
Added Component: Designator=C2(CAP200)
Add component. Clean all parameters for all variants
Added Component: Designator=C3(CAP200)
Add component. Clean all parameters for all variants
Added Component: Designator=D1(DO41)
Add component. Clean all parameters for all variants
Added Component: Designator=DZ1(DO41)
Add component. Clean all parameters for all variants
Added Component: Designator=P1(PRESET V)
Add component. Clean all parameters for all variants
Added Component: Designator=P2(PRESET H)
Add component. Clean all parameters for all variants
Added Component: Designator=R1-1(1206)
Add component. Clean all parameters for all variants
Added Component: Designator=R1-2(1206)
Add component. Clean all parameters for all variants
Added Component: Designator=R2-1(1206)
Add component. Clean all parameters for all variants
Added Component: Designator=R2-2(1206)
Add component. Clean all parameters for all variants
Added Component: Designator=R3(1206)
Add component. Clean all parameters for all variants
Added Component: Designator=Ra(1206)
Add component. Clean all parameters for all variants
Added Component: Designator=Rb-1(1206)
Add component. Clean all parameters for all variants
Added Component: Designator=Rb-2(1206)
Add component. Clean all parameters for all variants
Added Component: Designator=T1(TO92)
Add component. Clean all parameters for all variants
Added Component: Designator=U?(JG008)
Add component. Clean all parameters for all variants
Add component (AddParameter): Name = "ComponentLink1Description"; Value = "Manufacturer Link"; VariantName = "[No Variations]"
Add component (AddParameter): Name = "ComponentLink1URL"; Value = "http://www.ti.com/"; VariantName = "[No Variations]"
Add component (AddParameter): Name = "ComponentLink2Description"; Value = "Datasheet"; VariantName = "[No Variations]"
Add component (AddParameter): Name = "ComponentLink2URL"; Value = "http://www-s.ti.com/sc/ds/tl081.pdf"; VariantName = "[No Variations]"
Add component (AddParameter): Name = "DatasheetVersion"; Value = "Feb-1999"; VariantName = "[No Variations]"
Add component (AddParameter): Name = "LatestRevisionDate"; Value = "04-Mar-2005"; VariantName = "[No Variations]"
Add component (AddParameter): Name = "LatestRevisionNote"; Value = "Stylized 3D Model Added."; VariantName = "[No Variations]"
Add component (AddParameter): Name = "Note"; Value = "Pin 8 is not connected"; VariantName = "[No Variations]"
Add component (AddParameter): Name = "PackageDescription"; Value = "DIP; 8 Leads; Row Spacing 7.62 mm; Pitch 2.54 mm"; VariantName = "[No Variations]"
Add component (AddParameter): Name = "PackageReference"; Value = "JG008"; VariantName = "[No Variations]"
Add component (AddParameter): Name = "PackageVersion"; Value = "Jan-1995"; VariantName = "[No Variations]"
Add component (AddParameter): Name = "Published"; Value = "16-Jan-2001"; VariantName = "[No Variations]"
Add component (AddParameter): Name = "Publisher"; Value = "Altium Limited"; VariantName = "[No Variations]"
Added Component: Designator=Vcc(BORNERA3)
Add component. Clean all parameters for all variants
Added Component: Designator=Vout(BORNERA2)
Add component. Clean all parameters for all variants
Added Pin To Net: NetName=GND Pin=C1-1
Added Pin To Net: NetName=GND Pin=C3-2
Added Pin To Net: NetName=GND Pin=P1-1
Added Pin To Net: NetName=GND Pin=R3-2
Added Pin To Net: NetName=GND Pin=T1-2
Added Pin To Net: NetName=GND Pin=Vcc-1
Added Pin To Net: NetName=GND Pin=Vout-2
Added Net: Name=GND
Added Pin To Net: NetName=NetC1_2 Pin=C1-2
Added Pin To Net: NetName=NetC1_2 Pin=C2-2
Added Pin To Net: NetName=NetC1_2 Pin=R1-2-2
Added Pin To Net: NetName=NetC1_2 Pin=U?-3
Added Net: Name=NetC1_2
Added Pin To Net: NetName=NetC2_1 Pin=C2-1
Added Pin To Net: NetName=NetC2_1 Pin=R2-1-1
Added Net: Name=NetC2_1
Added Pin To Net: NetName=NetC3_1 Pin=C3-1
Added Pin To Net: NetName=NetC3_1 Pin=DZ1-2
Added Pin To Net: NetName=NetC3_1 Pin=R3-1
Added Pin To Net: NetName=NetC3_1 Pin=T1-1
Added Net: Name=NetC3_1
Added Pin To Net: NetName=NetD1_1 Pin=D1-1
Added Pin To Net: NetName=NetD1_1 Pin=DZ1-1
Added Net: Name=NetD1_1
Added Pin To Net: NetName=NetD1_2 Pin=D1-2
Added Pin To Net: NetName=NetD1_2 Pin=R2-2-2
Added Pin To Net: NetName=NetD1_2 Pin=Ra-1
Added Pin To Net: NetName=NetD1_2 Pin=U?-6
Added Pin To Net: NetName=NetD1_2 Pin=Vout-1
Added Net: Name=NetD1_2
Added Pin To Net: NetName=NetP1_2 Pin=P1-2
Added Pin To Net: NetName=NetP1_2 Pin=R1-1-1
Added Net: Name=NetP1_2
Added Pin To Net: NetName=NetP2_3 Pin=P2-3
Added Pin To Net: NetName=NetP2_3 Pin=P2-3
Added Pin To Net: NetName=NetP2_3 Pin=T1-3
Added Net: Name=NetP2_3
Added Pin To Net: NetName=NetR1-1_2 Pin=R1-1-2
Added Pin To Net: NetName=NetR1-1_2 Pin=R1-2-1
Added Net: Name=NetR1-1_2
Added Pin To Net: NetName=NetR2-1_2 Pin=R2-1-2
Added Pin To Net: NetName=NetR2-1_2 Pin=R2-2-1
Added Net: Name=NetR2-1_2
Added Pin To Net: NetName=NetRa_2 Pin=Ra-2
Added Pin To Net: NetName=NetRa_2 Pin=Rb-1-2
Added Pin To Net: NetName=NetRa_2 Pin=U?-2
Added Net: Name=NetRa_2
Added Pin To Net: NetName=NetRb-1_1 Pin=Rb-1-1
Added Pin To Net: NetName=NetRb-1_1 Pin=Rb-2-2
Added Net: Name=NetRb-1_1
Added Pin To Net: NetName=VCC+ Pin=U?-7
Added Pin To Net: NetName=VCC+ Pin=Vcc-3
Added Net: Name=VCC+
Added Pin To Net: NetName=VCC- Pin=U?-4
Added Pin To Net: NetName=VCC- Pin=Vcc-2
Added Net: Name=VCC-
Added Class: Name=wien
Added Room: Name=wien
